f:\chessai\chessai\x64\debug\chessai.pch
f:\chessai\chessai\x64\debug\vc143.pdb
f:\chessai\chessai\x64\debug\vc143.idb
f:\chessai\chessai\x64\debug\pch.obj
f:\chessai\chessai\x64\debug\utils.obj
f:\chessai\chessai\x64\debug\traindlg.obj
f:\chessai\chessai\x64\debug\settingdlg.obj
f:\chessai\chessai\x64\debug\screenshotdlg.obj
f:\chessai\chessai\x64\debug\maindlg.obj
f:\chessai\chessai\x64\debug\chessaidlg.obj
f:\chessai\chessai\x64\debug\chessai.obj
f:\chessai\chessai\x64\debug\renamedlg.obj
f:\chessai\chessai\x64\debug\yolov7.obj
f:\chessai\chessai\x64\debug\d3d9.obj
f:\chessai\x64\debug\chessai.exe
f:\chessai\chessai\x64\debug\chessai.ilk
f:\chessai\x64\debug\chessai.pdb
f:\chessai\chessai\x64\debug\chessai.res
f:\chessai\chessai\x64\debug\chessai.tlog\cl.command.1.tlog
f:\chessai\chessai\x64\debug\chessai.tlog\cl.items.tlog
f:\chessai\chessai\x64\debug\chessai.tlog\cl.read.1.tlog
f:\chessai\chessai\x64\debug\chessai.tlog\cl.write.1.tlog
f:\chessai\chessai\x64\debug\chessai.tlog\link.command.1.tlog
f:\chessai\chessai\x64\debug\chessai.tlog\link.read.1.tlog
f:\chessai\chessai\x64\debug\chessai.tlog\link.write.1.tlog
f:\chessai\chessai\x64\debug\chessai.tlog\rc.command.1.tlog
f:\chessai\chessai\x64\debug\chessai.tlog\rc.read.1.tlog
f:\chessai\chessai\x64\debug\chessai.tlog\rc.write.1.tlog
